# JRE version: Java(TM) SE Runtime Environment (8.0_91-b14) (build 1.8.0_91-b14)
# Java VM: Java HotSpot(TM) 64-Bit Server VM (25.91-b14 mixed mode linux-amd64 compressed oops)
Heap:
 PSYoungGen      total 238080K, used 11256K [0x0000000767300000, 0x0000000779500000, 0x00000007c0000000)
  eden space 226816K, 0% used [0x0000000767300000,0x0000000767300000,0x0000000775080000)
  from space 11264K, 99% used [0x0000000777f00000,0x00000007789fe2c8,0x0000000778a00000)
  to   space 11264K, 0% used [0x0000000778a00000,0x0000000778a00000,0x0000000779500000)
 ParOldGen       total 103936K, used 55438K [0x00000006b5800000, 0x00000006bbd80000, 0x0000000767300000)
  object space 103936K, 53% used [0x00000006b5800000,0x00000006b8e23950,0x00000006bbd80000)
 Metaspace       used 26004K, capacity 26630K, committed 26752K, reserved 1073152K
  class space    used 2951K, capacity 3116K, committed 3200K, reserved 1048576K
GC Heap History (10 events):
Event: 10.141 GC heap after
Heap after GC invocations=1 (full 0):
 PSYoungGen      total 79872K, used 10570K [0x0000000767300000, 0x0000000770f00000, 0x00000007c0000000)
  eden space 68608K, 0% used [0x0000000767300000,0x0000000767300000,0x000000076b600000)
  from space 11264K, 93% used [0x000000076b600000,0x000000076c052878,0x000000076c100000)
  to   space 11264K, 0% used [0x0000000770400000,0x0000000770400000,0x0000000770f00000)
 ParOldGen       total 183296K, used 8K [0x00000006b5800000, 0x00000006c0b00000, 0x0000000767300000)
  object space 183296K, 0% used [0x00000006b5800000,0x00000006b5802000,0x00000006c0b00000)
 Metaspace       used 12164K, capacity 12384K, committed 12416K, reserved 1060864K
  class space    used 1543K, capacity 1636K, committed 1664K, reserved 1048576K
}
Event: 14.590 GC heap before
{Heap before GC invocations=2 (full 0):
 PSYoungGen      total 79872K, used 79178K [0x0000000767300000, 0x0000000770f00000, 0x00000007c0000000)
  eden space 68608K, 100% used [0x0000000767300000,0x000000076b600000,0x000000076b600000)
  from space 11264K, 93% used [0x000000076b600000,0x000000076c052878,0x000000076c100000)
  to   space 11264K, 0% used [0x0000000770400000,0x0000000770400000,0x0000000770f00000)
 ParOldGen       total 183296K, used 8K [0x00000006b5800000, 0x00000006c0b00000, 0x0000000767300000)
  object space 183296K, 0% used [0x00000006b5800000,0x00000006b5802000,0x00000006c0b00000)
 Metaspace       used 16265K, capacity 16496K, committed 16768K, reserved 1064960K
  class space    used 1969K, capacity 2073K, committed 2176K, reserved 1048576K
Event: 14.716 GC heap after
Heap after GC invocations=2 (full 0):
 PSYoungGen      total 148480K, used 8359K [0x0000000767300000, 0x0000000770f00000, 0x00000007c0000000)
  eden space 137216K, 0% used [0x0000000767300000,0x0000000767300000,0x000000076f900000)
  from space 11264K, 74% used [0x0000000770400000,0x0000000770c29cc0,0x0000000770f00000)
  to   space 11264K, 0% used [0x000000076f900000,0x000000076f900000,0x0000000770400000)
 ParOldGen       total 183296K, used 32K [0x00000006b5800000, 0x00000006c0b00000, 0x0000000767300000)
  object space 183296K, 0% used [0x00000006b5800000,0x00000006b5808000,0x00000006c0b00000)
 Metaspace       used 16265K, capacity 16496K, committed 16768K, reserved 1064960K
  class space    used 1969K, capacity 2073K, committed 2176K, reserved 1048576K
}
Event: 21.441 GC heap before
{Heap before GC invocations=3 (full 0):
 PSYoungGen      total 148480K, used 142431K [0x0000000767300000, 0x0000000770f00000, 0x00000007c0000000)
  eden space 137216K, 97% used [0x0000000767300000,0x000000076f5ee268,0x000000076f900000)
  from space 11264K, 74% used [0x0000000770400000,0x0000000770c29cc0,0x0000000770f00000)
  to   space 11264K, 0% used [0x000000076f900000,0x000000076f900000,0x0000000770400000)
 ParOldGen       total 183296K, used 32K [0x00000006b5800000, 0x00000006c0b00000, 0x0000000767300000)
  object space 183296K, 0% used [0x00000006b5800000,0x00000006b5808000,0x00000006c0b00000)
 Metaspace       used 20590K, capacity 21190K, committed 21296K, reserved 1069056K
  class space    used 2514K, capacity 2668K, committed 2688K, reserved 1048576K
Event: 21.529 GC heap after
Heap after GC invocations=3 (full 0):
 PSYoungGen      total 148480K, used 11261K [0x0000000767300000, 0x0000000779500000, 0x00000007c0000000)
  eden space 137216K, 0% used [0x0000000767300000,0x0000000767300000,0x000000076f900000)
  from space 11264K, 99% used [0x000000076f900000,0x00000007703ff570,0x0000000770400000)
  to   space 11264K, 0% used [0x0000000778a00000,0x0000000778a00000,0x0000000779500000)
 ParOldGen       total 183296K, used 900K [0x00000006b5800000, 0x00000006c0b00000, 0x0000000767300000)
  object space 183296K, 0% used [0x00000006b5800000,0x00000006b58e1228,0x00000006c0b00000)
 Metaspace       used 20590K, capacity 21190K, committed 21296K, reserved 1069056K
  class space    used 2514K, capacity 2668K, committed 2688K, reserved 1048576K
}
Event: 21.529 GC heap before
{Heap before GC invocations=4 (full 1):
 PSYoungGen      total 148480K, used 11261K [0x0000000767300000, 0x0000000779500000, 0x00000007c0000000)
  eden space 137216K, 0% used [0x0000000767300000,0x0000000767300000,0x000000076f900000)
  from space 11264K, 99% used [0x000000076f900000,0x00000007703ff570,0x0000000770400000)
  to   space 11264K, 0% used [0x0000000778a00000,0x0000000778a00000,0x0000000779500000)
 ParOldGen       total 183296K, used 900K [0x00000006b5800000, 0x00000006c0b00000, 0x0000000767300000)
  object space 183296K, 0% used [0x00000006b5800000,0x00000006b58e1228,0x00000006c0b00000)
 Metaspace       used 20590K, capacity 21190K, committed 21296K, reserved 1069056K
  class space    used 2514K, capacity 2668K, committed 2688K, reserved 1048576K
Event: 21.749 GC heap after
Heap after GC invocations=4 (full 1):
 PSYoungGen      total 148480K, used 0K [0x0000000767300000, 0x0000000779500000, 0x00000007c0000000)
  eden space 137216K, 0% used [0x0000000767300000,0x0000000767300000,0x000000076f900000)
  from space 11264K, 0% used [0x000000076f900000,0x000000076f900000,0x0000000770400000)
  to   space 11264K, 0% used [0x0000000778a00000,0x0000000778a00000,0x0000000779500000)
 ParOldGen       total 103936K, used 11813K [0x00000006b5800000, 0x00000006bbd80000, 0x0000000767300000)
  object space 103936K, 11% used [0x00000006b5800000,0x00000006b6389718,0x00000006bbd80000)
 Metaspace       used 20590K, capacity 21190K, committed 21296K, reserved 1069056K
  class space    used 2514K, capacity 2668K, committed 2688K, reserved 1048576K
}
Event: 39.077 GC heap before
{Heap before GC invocations=5 (full 1):
 PSYoungGen      total 148480K, used 137216K [0x0000000767300000, 0x0000000779500000, 0x00000007c0000000)
  eden space 137216K, 100% used [0x0000000767300000,0x000000076f900000,0x000000076f900000)
  from space 11264K, 0% used [0x000000076f900000,0x000000076f900000,0x0000000770400000)
  to   space 11264K, 0% used [0x0000000778a00000,0x0000000778a00000,0x0000000779500000)
 ParOldGen       total 103936K, used 11813K [0x00000006b5800000, 0x00000006bbd80000, 0x0000000767300000)
  object space 103936K, 11% used [0x00000006b5800000,0x00000006b6389718,0x00000006bbd80000)
 Metaspace       used 23628K, capacity 24230K, committed 24576K, reserved 1071104K
  class space    used 2799K, capacity 2956K, committed 3072K, reserved 1048576K
Event: 39.290 GC heap after
Heap after GC invocations=5 (full 1):
 PSYoungGen      total 238080K, used 11259K [0x0000000767300000, 0x0000000779500000, 0x00000007c0000000)
  eden space 226816K, 0% used [0x0000000767300000,0x0000000767300000,0x0000000775080000)
  from space 11264K, 99% used [0x0000000778a00000,0x00000007794fef20,0x0000000779500000)
  to   space 11264K, 0% used [0x0000000777f00000,0x0000000777f00000,0x0000000778a00000)
 ParOldGen       total 103936K, used 48301K [0x00000006b5800000, 0x00000006bbd80000, 0x0000000767300000)
  object space 103936K, 46% used [0x00000006b5800000,0x00000006b872b788,0x00000006bbd80000)
 Metaspace       used 23628K, capacity 24230K, committed 24576K, reserved 1071104K
  class space    used 2799K, capacity 2956K, committed 3072K, reserved 1048576K
}
Event: 51.597 GC heap before
{Heap before GC invocations=6 (full 1):
 PSYoungGen      total 238080K, used 238075K [0x0000000767300000, 0x0000000779500000, 0x00000007c0000000)
  eden space 226816K, 100% used [0x0000000767300000,0x0000000775080000,0x0000000775080000)
  from space 11264K, 99% used [0x0000000778a00000,0x00000007794fef20,0x0000000779500000)
  to   space 11264K, 0% used [0x0000000777f00000,0x0000000777f00000,0x0000000778a00000)
 ParOldGen       total 103936K, used 48301K [0x00000006b5800000, 0x00000006bbd80000, 0x0000000767300000)
  object space 103936K, 46% used [0x00000006b5800000,0x00000006b872b788,0x00000006bbd80000)
 Metaspace       used 26004K, capacity 26630K, committed 26752K, reserved 1073152K
  class space    used 2951K, capacity 3116K, committed 3200K, reserved 1048576K

